<?xml version="1.0" encoding="UTF-8"?>
<testng-results skipped="0" failed="0" ignored="0" total="3" passed="3">
  <reporter-output>
  </reporter-output>
  <suite name="Carbon Regression Test Suite" duration-ms="127056" started-at="2020-03-16T13:00:20 WAT" finished-at="2020-03-16T13:02:27 WAT">
    <groups>
    </groups>
    <test name="PayLaterApp Tests" duration-ms="127056" started-at="2020-03-16T13:00:20 WAT" finished-at="2020-03-16T13:02:27 WAT">
      <class name="appiumFrameworkTest.Ecommerce_tc_4_FrameW">
        <test-method status="PASS" signature="killAllProcess()[pri:0, instance:appiumFrameworkTest.Ecommerce_tc_4_FrameW@396f6598]" name="killAllProcess" is-config="true" duration-ms="26" started-at="2020-03-16T13:00:20 WAT" finished-at="2020-03-16T13:00:20 WAT">
          <reporter-output>
          </reporter-output>
        </test-method> <!-- killAllProcess -->
        <test-method status="PASS" signature="TotalValidationTest()[pri:0, instance:appiumFrameworkTest.Ecommerce_tc_4_FrameW@396f6598]" name="TotalValidationTest" duration-ms="52446" started-at="2020-03-16T13:00:20 WAT" finished-at="2020-03-16T13:01:13 WAT">
          <reporter-output>
          </reporter-output>
        </test-method> <!-- TotalValidationTest -->
      </class> <!-- appiumFrameworkTest.Ecommerce_tc_4_FrameW -->
      <class name="appiumFrameworkTest.ApiDemoTest_FrameW">
        <test-method status="PASS" signature="apiDemosTest(java.lang.String)[pri:0, instance:appiumFrameworkTest.ApiDemoTest_FrameW@394e1a0f]" name="apiDemosTest" duration-ms="36812" started-at="2020-03-16T13:01:13 WAT" data-provider="InputData" finished-at="2020-03-16T13:01:49 WAT">
          <params>
            <param index="0">
              <value>
                <![CDATA[Hello]]>
              </value>
            </param>
          </params>
          <reporter-output>
          </reporter-output>
        </test-method> <!-- apiDemosTest -->
        <test-method status="PASS" signature="apiDemosTest(java.lang.String)[pri:0, instance:appiumFrameworkTest.ApiDemoTest_FrameW@394e1a0f]" name="apiDemosTest" duration-ms="37688" started-at="2020-03-16T13:01:49 WAT" data-provider="InputData" finished-at="2020-03-16T13:02:27 WAT">
          <params>
            <param index="0">
              <value>
                <![CDATA[#$%^&*&&]]>
              </value>
            </param>
          </params>
          <reporter-output>
          </reporter-output>
        </test-method> <!-- apiDemosTest -->
      </class> <!-- appiumFrameworkTest.ApiDemoTest_FrameW -->
    </test> <!-- PayLaterApp Tests -->
  </suite> <!-- Carbon Regression Test Suite -->
</testng-results>
