<?xml version="1.0" encoding="UTF-8"?>
<testng-results skipped="0" failed="0" ignored="0" total="3" passed="3">
  <reporter-output>
  </reporter-output>
  <suite name="Carbon Regression Test Suite" duration-ms="184029" started-at="2020-03-04T16:42:55 WAT" finished-at="2020-03-04T16:45:59 WAT">
    <groups>
    </groups>
    <test name="PayLaterApp Tests" duration-ms="184029" started-at="2020-03-04T16:42:55 WAT" finished-at="2020-03-04T16:45:59 WAT">
      <class name="appiumFrameworkTest.Ecommerce_tc_4_FrameW">
        <test-method status="PASS" signature="killAllProcess()[pri:0, instance:appiumFrameworkTest.Ecommerce_tc_4_FrameW@10bbd20a]" name="killAllProcess" is-config="true" duration-ms="3036" started-at="2020-03-04T16:42:55 WAT" finished-at="2020-03-04T16:42:58 WAT">
          <reporter-output>
          </reporter-output>
        </test-method> <!-- killAllProcess -->
        <test-method status="PASS" signature="TotalValidationTest()[pri:0, instance:appiumFrameworkTest.Ecommerce_tc_4_FrameW@10bbd20a]" name="TotalValidationTest" duration-ms="85155" started-at="2020-03-04T16:42:59 WAT" finished-at="2020-03-04T16:44:24 WAT">
          <reporter-output>
          </reporter-output>
        </test-method> <!-- TotalValidationTest -->
      </class> <!-- appiumFrameworkTest.Ecommerce_tc_4_FrameW -->
      <class name="appiumFrameworkTest.ApiDemoTest_FrameW">
        <test-method status="PASS" signature="apiDemosTest(java.lang.String)[pri:0, instance:appiumFrameworkTest.ApiDemoTest_FrameW@48503868]" name="apiDemosTest" duration-ms="47274" started-at="2020-03-04T16:44:24 WAT" data-provider="InputData" finished-at="2020-03-04T16:45:11 WAT">
          <params>
            <param index="0">
              <value>
                <![CDATA[Hello]]>
              </value>
            </param>
          </params>
          <reporter-output>
          </reporter-output>
        </test-method> <!-- apiDemosTest -->
        <test-method status="PASS" signature="apiDemosTest(java.lang.String)[pri:0, instance:appiumFrameworkTest.ApiDemoTest_FrameW@48503868]" name="apiDemosTest" duration-ms="48463" started-at="2020-03-04T16:45:11 WAT" data-provider="InputData" finished-at="2020-03-04T16:45:59 WAT">
          <params>
            <param index="0">
              <value>
                <![CDATA[#$%^&*&&]]>
              </value>
            </param>
          </params>
          <reporter-output>
          </reporter-output>
        </test-method> <!-- apiDemosTest -->
      </class> <!-- appiumFrameworkTest.ApiDemoTest_FrameW -->
    </test> <!-- PayLaterApp Tests -->
  </suite> <!-- Carbon Regression Test Suite -->
</testng-results>
