<?xml version="1.0" encoding="UTF-8"?>
<!-- Generated by org.testng.reporters.JUnitXMLReporter -->
<testsuite hostname="Adeyeye-PC" ignored="0" name="PayLaterApp Tests" tests="3" failures="0" timestamp="2020-03-04T16:45:59 WAT" time="184.029" errors="0">
  <testcase name="TotalValidationTest" time="85.155" classname="appiumFrameworkTest.Ecommerce_tc_4_FrameW"/>
  <testcase name="apiDemosTest" time="47.274" classname="appiumFrameworkTest.ApiDemoTest_FrameW"/>
  <testcase name="apiDemosTest" time="48.463" classname="appiumFrameworkTest.ApiDemoTest_FrameW"/>
</testsuite> <!-- PayLaterApp Tests -->
