<?xml version="1.0" encoding="UTF-8"?>
<!-- Generated by org.testng.reporters.JUnitXMLReporter -->
<testsuite hostname="Adeyeye-PC" ignored="0" name="PayLaterApp Tests" tests="3" failures="0" timestamp="2020-03-16T13:02:27 WAT" time="127.056" errors="0">
  <testcase name="TotalValidationTest" time="52.446" classname="appiumFrameworkTest.Ecommerce_tc_4_FrameW"/>
  <testcase name="apiDemosTest" time="36.812" classname="appiumFrameworkTest.ApiDemoTest_FrameW"/>
  <testcase name="apiDemosTest" time="37.688" classname="appiumFrameworkTest.ApiDemoTest_FrameW"/>
</testsuite> <!-- PayLaterApp Tests -->
